<?xml version="1.0" encoding="UTF-8"?>
<testng-results skipped="0" failed="0" ignored="0" total="1" passed="1">
  <reporter-output>
  </reporter-output>
  <suite name="Suite" duration-ms="26195" started-at="2021-03-22T13:24:38 IST" finished-at="2021-03-22T13:25:05 IST">
    <groups>
    </groups>
    <test name="Test" duration-ms="26195" started-at="2021-03-22T13:24:38 IST" finished-at="2021-03-22T13:25:05 IST">
      <class name="htmlCanvasAutomationScript.HtmlDrawing">
        <test-method status="PASS" signature="HtmlCanvasTesting()[pri:0, instance:htmlCanvasAutomationScript.HtmlDrawing@3327bd23]" name="HtmlCanvasTesting" duration-ms="26138" started-at="2021-03-22T13:24:38 IST" finished-at="2021-03-22T13:25:05 IST">
          <reporter-output>
          </reporter-output>
        </test-method> <!-- HtmlCanvasTesting -->
      </class> <!-- htmlCanvasAutomationScript.HtmlDrawing -->
    </test> <!-- Test -->
  </suite> <!-- Suite -->
</testng-results>
